app/build (2)/intermediates/manifest_merge_blame_file/debug/manifest-merger-blame-debug-report.txt
1<?xml version="1.0" encoding="utf-8"?>
2<manifest xmlns:android="http://schemas.android.com/apk/res/android"
3    package="com.doubleclick.uperappsimcoder"
4    android:versionCode="1"
5    android:versionName="1.0" >
6
7    <uses-sdk
8        android:minSdkVersion="20"
8-->src\main\AndroidManifest.xml
9        android:targetSdkVersion="29" />
9-->src\main\AndroidManifest.xml
10    <!--
11         The ACCESS_COARSE/FINE_LOCATION permissions are not required to use
12         Google Maps Android API v2, but you must specify either coarse or fine
13         location permissions for the "MyLocation" functionality.
14    -->
15    <uses-permission android:name="android.permission.ACCESS_FINE_LOCATION" />
15-->src\main\AndroidManifest.xml:9:5-79
15-->src\main\AndroidManifest.xml:9:22-76
16    <uses-permission android:name="android.permission.ACCESS_WIFI_STATE" />
16-->[com.google.android.libraries.places:places:2.4.0] AndroidManifest.xml:10:5-76
16-->[com.google.android.libraries.places:places:2.4.0] AndroidManifest.xml:10:22-73
17    <uses-permission android:name="android.permission.INTERNET" /> <!-- Include required permissions for Google Maps API to run. -->
17-->[com.google.android.libraries.places:places:2.4.0] AndroidManifest.xml:11:5-67
17-->[com.google.android.libraries.places:places:2.4.0] AndroidManifest.xml:11:22-64
18    <uses-permission android:name="android.permission.ACCESS_NETWORK_STATE" />
18-->[com.google.android.gms:play-services-maps:17.0.1] AndroidManifest.xml:23:5-79
18-->[com.google.android.gms:play-services-maps:17.0.1] AndroidManifest.xml:23:22-76
19
20    <uses-feature
20-->[com.google.android.gms:play-services-maps:17.0.1] AndroidManifest.xml:26:5-28:35
21        android:glEsVersion="0x00020000"
21-->[com.google.android.gms:play-services-maps:17.0.1] AndroidManifest.xml:27:9-41
22        android:required="true" />
22-->[com.google.android.gms:play-services-maps:17.0.1] AndroidManifest.xml:28:9-32
23
24    <queries>
24-->[com.google.android.gms:play-services-maps:17.0.1] AndroidManifest.xml:30:5-34:15
25
26        <!-- Needs to be explicitly declared on Android R+ -->
27        <package android:name="com.google.android.apps.maps" />
27-->[com.google.android.gms:play-services-maps:17.0.1] AndroidManifest.xml:33:9-64
27-->[com.google.android.gms:play-services-maps:17.0.1] AndroidManifest.xml:33:18-61
28    </queries>
29
30    <uses-permission android:name="android.permission.CAMERA" />
30-->[io.card:android-sdk:5.5.0] AndroidManifest.xml:9:5-65
30-->[io.card:android-sdk:5.5.0] AndroidManifest.xml:9:22-62
31    <uses-permission android:name="android.permission.VIBRATE" />
31-->[io.card:android-sdk:5.5.0] AndroidManifest.xml:10:5-66
31-->[io.card:android-sdk:5.5.0] AndroidManifest.xml:10:22-63
32
33    <uses-feature
33-->[io.card:android-sdk:5.5.0] AndroidManifest.xml:12:5-14:36
34        android:name="android.hardware.camera"
34-->[io.card:android-sdk:5.5.0] AndroidManifest.xml:13:9-47
35        android:required="false" />
35-->[io.card:android-sdk:5.5.0] AndroidManifest.xml:14:9-33
36    <uses-feature
36-->[io.card:android-sdk:5.5.0] AndroidManifest.xml:15:5-17:36
37        android:name="android.hardware.camera.autofocus"
37-->[io.card:android-sdk:5.5.0] AndroidManifest.xml:16:9-57
38        android:required="false" />
38-->[io.card:android-sdk:5.5.0] AndroidManifest.xml:17:9-33
39
40    <application
40-->src\main\AndroidManifest.xml:11:5-47:19
41        android:allowBackup="true"
41-->src\main\AndroidManifest.xml:12:9-35
42        android:appComponentFactory="androidx.core.app.CoreComponentFactory"
42-->[androidx.core:core:1.3.1] AndroidManifest.xml:24:18-86
43        android:debuggable="true"
44        android:icon="@mipmap/ic_launcher"
44-->src\main\AndroidManifest.xml:13:9-43
45        android:label="@string/app_name"
45-->src\main\AndroidManifest.xml:14:9-41
46        android:roundIcon="@mipmap/ic_launcher_round"
46-->src\main\AndroidManifest.xml:15:9-54
47        android:supportsRtl="true"
47-->src\main\AndroidManifest.xml:16:9-35
48        android:testOnly="true"
49        android:theme="@style/AppTheme" >
49-->src\main\AndroidManifest.xml:17:9-40
50        <activity android:name="com.doubleclick.uperappsimcoder.Driver.DriverSettingActivity" />
50-->src\main\AndroidManifest.xml:18:9-75
50-->src\main\AndroidManifest.xml:18:19-63
51        <activity android:name="com.doubleclick.uperappsimcoder.Customer.SettingCustomerActivity" />
51-->src\main\AndroidManifest.xml:19:9-70
51-->src\main\AndroidManifest.xml:19:19-67
52        <!--
53             The API key for Google Maps-based APIs is defined as a string resource.
54             (See the file "res/values/google_maps_api.xml").
55             Note that the API key is linked to the encryption key used to sign the APK.
56             You need a different API key for each encryption key, including the release key that is used to
57             sign the APK for publishing.
58             You can define the keys for the debug and release targets in src/debug/ and src/release/.
59        -->
60        <meta-data
60-->src\main\AndroidManifest.xml:28:9-30:55
61            android:name="com.google.android.geo.API_KEY"
61-->src\main\AndroidManifest.xml:29:13-58
62            android:value="@string/google_maps_key" />
62-->src\main\AndroidManifest.xml:30:13-52
63
64        <activity
64-->src\main\AndroidManifest.xml:32:9-34:68
65            android:name="com.doubleclick.uperappsimcoder.Customer.CustomerMapsActivity"
65-->src\main\AndroidManifest.xml:33:13-58
66            android:label="@string/title_activity_customer_maps" />
66-->src\main\AndroidManifest.xml:34:13-65
67        <activity
67-->src\main\AndroidManifest.xml:35:9-37:66
68            android:name="com.doubleclick.uperappsimcoder.Driver.DriverMapsActivity"
68-->src\main\AndroidManifest.xml:36:13-54
69            android:label="@string/title_activity_driver_maps" />
69-->src\main\AndroidManifest.xml:37:13-63
70        <activity android:name="com.doubleclick.uperappsimcoder.Driver.DriverLoginActivity" />
70-->src\main\AndroidManifest.xml:38:9-64
70-->src\main\AndroidManifest.xml:38:19-61
71        <activity android:name="com.doubleclick.uperappsimcoder.Customer.CustomerLoginActivity" />
71-->src\main\AndroidManifest.xml:39:9-68
71-->src\main\AndroidManifest.xml:39:19-65
72        <activity android:name="com.doubleclick.uperappsimcoder.MainActivity" >
72-->src\main\AndroidManifest.xml:40:9-46:20
72-->src\main\AndroidManifest.xml:40:19-47
73            <intent-filter>
73-->src\main\AndroidManifest.xml:41:13-45:29
74                <action android:name="android.intent.action.MAIN" />
74-->src\main\AndroidManifest.xml:42:17-69
74-->src\main\AndroidManifest.xml:42:25-66
75
76                <category android:name="android.intent.category.LAUNCHER" />
76-->src\main\AndroidManifest.xml:44:17-77
76-->src\main\AndroidManifest.xml:44:27-74
77            </intent-filter>
78        </activity>
79        <activity
79-->[com.karumi:dexter:6.2.1] AndroidManifest.xml:27:9-29:72
80            android:name="com.karumi.dexter.DexterActivity"
80-->[com.karumi:dexter:6.2.1] AndroidManifest.xml:28:13-60
81            android:theme="@style/Dexter.Internal.Theme.Transparent" />
81-->[com.karumi:dexter:6.2.1] AndroidManifest.xml:29:13-69
82        <activity
82-->[com.google.android.libraries.places:places:2.4.0] AndroidManifest.xml:14:9-20:20
83            android:name="com.google.android.libraries.places.widget.AutocompleteActivity"
83-->[com.google.android.libraries.places:places:2.4.0] AndroidManifest.xml:15:13-91
84            android:exported="false"
84-->[com.google.android.libraries.places:places:2.4.0] AndroidManifest.xml:16:13-37
85            android:label="@string/places_autocomplete_label"
85-->[com.google.android.libraries.places:places:2.4.0] AndroidManifest.xml:17:13-62
86            android:theme="@style/PlacesAutocompleteOverlay"
86-->[com.google.android.libraries.places:places:2.4.0] AndroidManifest.xml:18:13-61
87            android:windowSoftInputMode="adjustResize" >
87-->[com.google.android.libraries.places:places:2.4.0] AndroidManifest.xml:19:13-55
88        </activity> <!-- Needs to be explicitly declared on P+ -->
89        <uses-library
89-->[com.google.android.gms:play-services-maps:17.0.1] AndroidManifest.xml:39:9-41:40
90            android:name="org.apache.http.legacy"
90-->[com.google.android.gms:play-services-maps:17.0.1] AndroidManifest.xml:40:13-50
91            android:required="false" />
91-->[com.google.android.gms:play-services-maps:17.0.1] AndroidManifest.xml:41:13-37
92
93        <service
93-->[com.google.firebase:firebase-database:20.0.0] AndroidManifest.xml:29:9-35:19
94            android:name="com.google.firebase.components.ComponentDiscoveryService"
94-->[com.google.firebase:firebase-database:20.0.0] AndroidManifest.xml:30:13-84
95            android:directBootAware="true"
95-->[com.google.firebase:firebase-common:20.0.0] AndroidManifest.xml:35:13-43
96            android:exported="false" >
96-->[com.google.firebase:firebase-database:20.0.0] AndroidManifest.xml:31:13-37
97            <meta-data
97-->[com.google.firebase:firebase-database:20.0.0] AndroidManifest.xml:32:13-34:85
98                android:name="com.google.firebase.components:com.google.firebase.database.DatabaseRegistrar"
98-->[com.google.firebase:firebase-database:20.0.0] AndroidManifest.xml:33:17-109
99                android:value="com.google.firebase.components.ComponentRegistrar" />
99-->[com.google.firebase:firebase-database:20.0.0] AndroidManifest.xml:34:17-82
100            <meta-data
100-->[com.google.firebase:firebase-auth:21.0.1] AndroidManifest.xml:77:13-79:85
101                android:name="com.google.firebase.components:com.google.firebase.auth.FirebaseAuthRegistrar"
101-->[com.google.firebase:firebase-auth:21.0.1] AndroidManifest.xml:78:17-109
102                android:value="com.google.firebase.components.ComponentRegistrar" />
102-->[com.google.firebase:firebase-auth:21.0.1] AndroidManifest.xml:79:17-82
103            <meta-data
103-->[com.google.firebase:firebase-firestore:23.0.1] AndroidManifest.xml:20:13-22:85
104                android:name="com.google.firebase.components:com.google.firebase.firestore.FirestoreRegistrar"
104-->[com.google.firebase:firebase-firestore:23.0.1] AndroidManifest.xml:21:17-111
105                android:value="com.google.firebase.components.ComponentRegistrar" />
105-->[com.google.firebase:firebase-firestore:23.0.1] AndroidManifest.xml:22:17-82
106            <meta-data
106-->[com.google.firebase:firebase-storage:20.0.0] AndroidManifest.xml:33:13-35:85
107                android:name="com.google.firebase.components:com.google.firebase.storage.StorageRegistrar"
107-->[com.google.firebase:firebase-storage:20.0.0] AndroidManifest.xml:34:17-107
108                android:value="com.google.firebase.components.ComponentRegistrar" />
108-->[com.google.firebase:firebase-storage:20.0.0] AndroidManifest.xml:35:17-82
109        </service>
110
111        <activity
111-->[com.google.firebase:firebase-auth:21.0.1] AndroidManifest.xml:27:9-44:20
112            android:name="com.google.firebase.auth.internal.GenericIdpActivity"
112-->[com.google.firebase:firebase-auth:21.0.1] AndroidManifest.xml:28:13-80
113            android:excludeFromRecents="true"
113-->[com.google.firebase:firebase-auth:21.0.1] AndroidManifest.xml:29:13-46
114            android:exported="true"
114-->[com.google.firebase:firebase-auth:21.0.1] AndroidManifest.xml:30:13-36
115            android:launchMode="singleTask"
115-->[com.google.firebase:firebase-auth:21.0.1] AndroidManifest.xml:31:13-44
116            android:theme="@android:style/Theme.Translucent.NoTitleBar" >
116-->[com.google.firebase:firebase-auth:21.0.1] AndroidManifest.xml:32:13-72
117            <intent-filter>
117-->[com.google.firebase:firebase-auth:21.0.1] AndroidManifest.xml:33:13-43:29
118                <action android:name="android.intent.action.VIEW" />
118-->[com.google.firebase:firebase-auth:21.0.1] AndroidManifest.xml:34:17-69
118-->[com.google.firebase:firebase-auth:21.0.1] AndroidManifest.xml:34:25-66
119
120                <category android:name="android.intent.category.DEFAULT" />
120-->[com.google.firebase:firebase-auth:21.0.1] AndroidManifest.xml:36:17-76
120-->[com.google.firebase:firebase-auth:21.0.1] AndroidManifest.xml:36:27-73
121                <category android:name="android.intent.category.BROWSABLE" />
121-->[com.google.firebase:firebase-auth:21.0.1] AndroidManifest.xml:37:17-78
121-->[com.google.firebase:firebase-auth:21.0.1] AndroidManifest.xml:37:27-75
122
123                <data
123-->[com.google.firebase:firebase-auth:21.0.1] AndroidManifest.xml:39:17-42:51
124                    android:host="firebase.auth"
124-->[com.google.firebase:firebase-auth:21.0.1] AndroidManifest.xml:40:21-49
125                    android:path="/"
125-->[com.google.firebase:firebase-auth:21.0.1] AndroidManifest.xml:41:21-37
126                    android:scheme="genericidp" />
126-->[com.google.firebase:firebase-auth:21.0.1] AndroidManifest.xml:42:21-48
127            </intent-filter>
128        </activity>
129        <activity
129-->[com.google.firebase:firebase-auth:21.0.1] AndroidManifest.xml:45:9-62:20
130            android:name="com.google.firebase.auth.internal.RecaptchaActivity"
130-->[com.google.firebase:firebase-auth:21.0.1] AndroidManifest.xml:46:13-79
131            android:excludeFromRecents="true"
131-->[com.google.firebase:firebase-auth:21.0.1] AndroidManifest.xml:47:13-46
132            android:exported="true"
132-->[com.google.firebase:firebase-auth:21.0.1] AndroidManifest.xml:48:13-36
133            android:launchMode="singleTask"
133-->[com.google.firebase:firebase-auth:21.0.1] AndroidManifest.xml:49:13-44
134            android:theme="@android:style/Theme.Translucent.NoTitleBar" >
134-->[com.google.firebase:firebase-auth:21.0.1] AndroidManifest.xml:50:13-72
135            <intent-filter>
135-->[com.google.firebase:firebase-auth:21.0.1] AndroidManifest.xml:51:13-61:29
136                <action android:name="android.intent.action.VIEW" />
136-->[com.google.firebase:firebase-auth:21.0.1] AndroidManifest.xml:34:17-69
136-->[com.google.firebase:firebase-auth:21.0.1] AndroidManifest.xml:34:25-66
137
138                <category android:name="android.intent.category.DEFAULT" />
138-->[com.google.firebase:firebase-auth:21.0.1] AndroidManifest.xml:36:17-76
138-->[com.google.firebase:firebase-auth:21.0.1] AndroidManifest.xml:36:27-73
139                <category android:name="android.intent.category.BROWSABLE" />
139-->[com.google.firebase:firebase-auth:21.0.1] AndroidManifest.xml:37:17-78
139-->[com.google.firebase:firebase-auth:21.0.1] AndroidManifest.xml:37:27-75
140
141                <data
141-->[com.google.firebase:firebase-auth:21.0.1] AndroidManifest.xml:39:17-42:51
142                    android:host="firebase.auth"
142-->[com.google.firebase:firebase-auth:21.0.1] AndroidManifest.xml:40:21-49
143                    android:path="/"
143-->[com.google.firebase:firebase-auth:21.0.1] AndroidManifest.xml:41:21-37
144                    android:scheme="recaptcha" />
144-->[com.google.firebase:firebase-auth:21.0.1] AndroidManifest.xml:42:21-48
145            </intent-filter>
146        </activity>
147
148        <service
148-->[com.google.firebase:firebase-auth:21.0.1] AndroidManifest.xml:64:9-73:19
149            android:name="com.google.firebase.auth.api.fallback.service.FirebaseAuthFallbackService"
149-->[com.google.firebase:firebase-auth:21.0.1] AndroidManifest.xml:65:13-101
150            android:enabled="true"
150-->[com.google.firebase:firebase-auth:21.0.1] AndroidManifest.xml:66:13-35
151            android:exported="false" >
151-->[com.google.firebase:firebase-auth:21.0.1] AndroidManifest.xml:67:13-37
152            <intent-filter>
152-->[com.google.firebase:firebase-auth:21.0.1] AndroidManifest.xml:68:13-72:29
153                <action android:name="com.google.firebase.auth.api.gms.service.START" />
153-->[com.google.firebase:firebase-auth:21.0.1] AndroidManifest.xml:69:17-89
153-->[com.google.firebase:firebase-auth:21.0.1] AndroidManifest.xml:69:25-86
154
155                <category android:name="android.intent.category.DEFAULT" />
155-->[com.google.firebase:firebase-auth:21.0.1] AndroidManifest.xml:36:17-76
155-->[com.google.firebase:firebase-auth:21.0.1] AndroidManifest.xml:36:27-73
156            </intent-filter>
157        </service>
158
159        <activity android:name="com.paypal.android.sdk.payments.PaymentActivity" />
159-->[com.paypal.sdk:paypal-android-sdk:2.15.3] AndroidManifest.xml:13:9-84
159-->[com.paypal.sdk:paypal-android-sdk:2.15.3] AndroidManifest.xml:13:19-81
160        <activity android:name="com.paypal.android.sdk.payments.PaymentMethodActivity" />
160-->[com.paypal.sdk:paypal-android-sdk:2.15.3] AndroidManifest.xml:14:9-90
160-->[com.paypal.sdk:paypal-android-sdk:2.15.3] AndroidManifest.xml:14:19-87
161        <activity android:name="com.paypal.android.sdk.payments.PaymentConfirmActivity" />
161-->[com.paypal.sdk:paypal-android-sdk:2.15.3] AndroidManifest.xml:15:9-91
161-->[com.paypal.sdk:paypal-android-sdk:2.15.3] AndroidManifest.xml:15:19-88
162        <activity android:name="com.paypal.android.sdk.payments.LoginActivity" />
162-->[com.paypal.sdk:paypal-android-sdk:2.15.3] AndroidManifest.xml:16:9-82
162-->[com.paypal.sdk:paypal-android-sdk:2.15.3] AndroidManifest.xml:16:19-79
163        <activity android:name="com.paypal.android.sdk.payments.PayPalFuturePaymentActivity" />
163-->[com.paypal.sdk:paypal-android-sdk:2.15.3] AndroidManifest.xml:17:9-96
163-->[com.paypal.sdk:paypal-android-sdk:2.15.3] AndroidManifest.xml:17:19-93
164        <activity android:name="com.paypal.android.sdk.payments.FuturePaymentConsentActivity" />
164-->[com.paypal.sdk:paypal-android-sdk:2.15.3] AndroidManifest.xml:18:9-97
164-->[com.paypal.sdk:paypal-android-sdk:2.15.3] AndroidManifest.xml:18:19-94
165        <activity android:name="com.paypal.android.sdk.payments.FuturePaymentInfoActivity" />
165-->[com.paypal.sdk:paypal-android-sdk:2.15.3] AndroidManifest.xml:19:9-94
165-->[com.paypal.sdk:paypal-android-sdk:2.15.3] AndroidManifest.xml:19:19-91
166        <activity android:name="com.paypal.android.sdk.payments.PayPalProfileSharingActivity" />
166-->[com.paypal.sdk:paypal-android-sdk:2.15.3] AndroidManifest.xml:20:9-97
166-->[com.paypal.sdk:paypal-android-sdk:2.15.3] AndroidManifest.xml:20:19-94
167        <activity android:name="com.paypal.android.sdk.payments.ProfileSharingConsentActivity" />
167-->[com.paypal.sdk:paypal-android-sdk:2.15.3] AndroidManifest.xml:21:9-98
167-->[com.paypal.sdk:paypal-android-sdk:2.15.3] AndroidManifest.xml:21:19-95
168
169        <service
169-->[com.paypal.sdk:paypal-android-sdk:2.15.3] AndroidManifest.xml:23:9-25:40
170            android:name="com.paypal.android.sdk.payments.PayPalService"
170-->[com.paypal.sdk:paypal-android-sdk:2.15.3] AndroidManifest.xml:24:13-73
171            android:exported="false" />
171-->[com.paypal.sdk:paypal-android-sdk:2.15.3] AndroidManifest.xml:25:13-37
172
173        <activity
173-->[com.google.android.gms:play-services-base:17.5.0] AndroidManifest.xml:23:9-26:75
174            android:name="com.google.android.gms.common.api.GoogleApiActivity"
174-->[com.google.android.gms:play-services-base:17.5.0] AndroidManifest.xml:24:13-79
175            android:exported="false"
175-->[com.google.android.gms:play-services-base:17.5.0] AndroidManifest.xml:25:13-37
176            android:theme="@android:style/Theme.Translucent.NoTitleBar" />
176-->[com.google.android.gms:play-services-base:17.5.0] AndroidManifest.xml:26:13-72
177
178        <provider
178-->[com.google.firebase:firebase-common:20.0.0] AndroidManifest.xml:26:9-31:39
179            android:name="com.google.firebase.provider.FirebaseInitProvider"
179-->[com.google.firebase:firebase-common:20.0.0] AndroidManifest.xml:27:13-77
180            android:authorities="com.doubleclick.uperappsimcoder.firebaseinitprovider"
180-->[com.google.firebase:firebase-common:20.0.0] AndroidManifest.xml:28:13-72
181            android:directBootAware="true"
181-->[com.google.firebase:firebase-common:20.0.0] AndroidManifest.xml:29:13-43
182            android:exported="false"
182-->[com.google.firebase:firebase-common:20.0.0] AndroidManifest.xml:30:13-37
183            android:initOrder="100" />
183-->[com.google.firebase:firebase-common:20.0.0] AndroidManifest.xml:31:13-36
184
185        <meta-data
185-->[com.google.android.gms:play-services-basement:17.5.0] AndroidManifest.xml:23:9-25:69
186            android:name="com.google.android.gms.version"
186-->[com.google.android.gms:play-services-basement:17.5.0] AndroidManifest.xml:24:13-58
187            android:value="@integer/google_play_services_version" />
187-->[com.google.android.gms:play-services-basement:17.5.0] AndroidManifest.xml:25:13-66
188
189        <service
189-->[com.google.android.datatransport:transport-backend-cct:2.3.0] AndroidManifest.xml:29:9-35:19
190            android:name="com.google.android.datatransport.runtime.backends.TransportBackendDiscovery"
190-->[com.google.android.datatransport:transport-backend-cct:2.3.0] AndroidManifest.xml:30:13-103
191            android:exported="false" >
191-->[com.google.android.datatransport:transport-backend-cct:2.3.0] AndroidManifest.xml:31:13-37
192            <meta-data
192-->[com.google.android.datatransport:transport-backend-cct:2.3.0] AndroidManifest.xml:32:13-34:39
193                android:name="backend:com.google.android.datatransport.cct.CctBackendFactory"
193-->[com.google.android.datatransport:transport-backend-cct:2.3.0] AndroidManifest.xml:33:17-94
194                android:value="cct" />
194-->[com.google.android.datatransport:transport-backend-cct:2.3.0] AndroidManifest.xml:34:17-36
195        </service>
196        <service
196-->[com.google.android.datatransport:transport-runtime:2.2.3] AndroidManifest.xml:26:9-30:19
197            android:name="com.google.android.datatransport.runtime.scheduling.jobscheduling.JobInfoSchedulerService"
197-->[com.google.android.datatransport:transport-runtime:2.2.3] AndroidManifest.xml:27:13-117
198            android:exported="false"
198-->[com.google.android.datatransport:transport-runtime:2.2.3] AndroidManifest.xml:28:13-37
199            android:permission="android.permission.BIND_JOB_SERVICE" >
199-->[com.google.android.datatransport:transport-runtime:2.2.3] AndroidManifest.xml:29:13-69
200        </service>
201
202        <receiver
202-->[com.google.android.datatransport:transport-runtime:2.2.3] AndroidManifest.xml:32:9-34:40
203            android:name="com.google.android.datatransport.runtime.scheduling.jobscheduling.AlarmManagerSchedulerBroadcastReceiver"
203-->[com.google.android.datatransport:transport-runtime:2.2.3] AndroidManifest.xml:33:13-132
204            android:exported="false" />
204-->[com.google.android.datatransport:transport-runtime:2.2.3] AndroidManifest.xml:34:13-37
205
206        <provider
206-->[androidx.lifecycle:lifecycle-process:2.1.0] AndroidManifest.xml:23:9-27:43
207            android:name="androidx.lifecycle.ProcessLifecycleOwnerInitializer"
207-->[androidx.lifecycle:lifecycle-process:2.1.0] AndroidManifest.xml:24:13-79
208            android:authorities="com.doubleclick.uperappsimcoder.lifecycle-process"
208-->[androidx.lifecycle:lifecycle-process:2.1.0] AndroidManifest.xml:25:13-69
209            android:exported="false"
209-->[androidx.lifecycle:lifecycle-process:2.1.0] AndroidManifest.xml:26:13-37
210            android:multiprocess="true" />
210-->[androidx.lifecycle:lifecycle-process:2.1.0] AndroidManifest.xml:27:13-40
211
212        <activity
212-->[io.card:android-sdk:5.5.0] AndroidManifest.xml:20:9-22:66
213            android:name="io.card.payment.CardIOActivity"
213-->[io.card:android-sdk:5.5.0] AndroidManifest.xml:21:13-58
214            android:configChanges="keyboardHidden|orientation" />
214-->[io.card:android-sdk:5.5.0] AndroidManifest.xml:22:13-63
215        <activity android:name="io.card.payment.DataEntryActivity" />
215-->[io.card:android-sdk:5.5.0] AndroidManifest.xml:23:9-70
215-->[io.card:android-sdk:5.5.0] AndroidManifest.xml:23:19-67
216    </application>
217
218</manifest>